<?xml version="1.0" encoding="UTF-8"?>
<!-- Generated by org.testng.reporters.JUnitReportReporter -->
<testsuite hostname="DESKTOP-SI05JPA" failures="0" tests="1" name="step_definitions.TestRunner" time="21.688" errors="0" timestamp="2023-07-06T06:43:56 IST" skipped="0">
  <testcase classname="step_definitions.TestRunner" name="runScenario" time="21.688"/>
</testsuite> <!-- step_definitions.TestRunner -->
